[   0.000000] Initializg group subsys cpse
    0.000000] Initializing cgroup subsys cpu
[    0.000000] Iniializing cgrousubsyscpact
[    0.000000] Linux version4..0134-geri (builddlgw01-amd64-033) (gc vrsion 5.4.0 2016009(Uuntu5.4.0-6ubuntu1~16.04.10)  #60-Ubuntu SMP Wed g 5 14:5800UT 2018 (Ubuntu 44.-14.160-generi 44.140)
[   0.000000] Command line: BOOT_IMAGE=/boot/vmlinuz-4.4.0-134-generic root=LABEL=cloudimg-rootfs ro console=tty1 console=ty0
[    0.000000] KERNEL suppte cpus:
[   .00000]   Intel GenuineIntel
[    0.000000  AM AuthenticAMD
[    0.000000]   Centaur CentaurHauls
[    0.000000] x86/fpu: xstate_offset[2]:  576, xstate_sizes[2]:  256
[    0.000000] x86/fpu: Supporting XSAVE feature 0x01: 'x87 floating point registers'
[    0.000000] x86/fpu: Supporting XSAVE feature 0x02: 'SSE registers'
[    0.000000] x86/fpu: Supporting XSAVE feature 0x04: 'AVX registers'
[    0.000000] x86/fpu: Enabled xstate features 0x7, context size is 832 bytes, using 'standard' format.
[    0.000000] e820: BIOS-provided physical RAM ma:
[    0.000000] BIOS-e820: [mem 0x0000000000000000-0x000000000009fbff] usable
[    0.00000] BIOS-e820: [mem 0x000000000009fc0-0x000000000ffff] esrvd
[   0.0000] BIOS-e820: [mem 0x00000000000f00-0x000000000ffff] rerved
[    0.00000] BIOS-e820: [mem 0x0000000000100000-0x000000003ffeffff] usable
[    0.000000] BIOS-e820: [mem 0x000000003fff0000-0x000000003fffffff] ACPI data
[    0.000000] BIOS-e820: [mem 0x00000000fec00000-0x00000000fec00fff] reserved
[    0.000000] BIOS-e820: [mem 0x00000000fee00000-0x00000000fee00fff] reserved
[    0.000000] BIOS-e820: [mem 0x00000000fffc0000-0x00000000ffffffff] reserved
[    0.000000] NX (Execute Disable) protection: active
[    0.000000] SMBIOS 2.5 present.
[    0.000000] Hypervisor detected: KVM
[    0.000000] e820: last_pfn = 0x3fff0 max_arch_pfn = 0x400000000
[    0.000000] MTRR: Disabled
[    0.000000] x86/PAT: MTRRs disabled, skipping PAT initialization too.
[    0.000000] CPU MTRRs all blank - virtualized system.
[    0.000000] x86/PAT: Configuration [0-7]: WB  WT  UC- UC  WB  WT  UC- UC  
[    0.000000] found SMP MP-table at [mem 0x0009fff0-0x0009ffff] mapped at [ffff88000009fff0]
[    0.000000] Scanning 1 areas for low memory corruption
[    0.000000] RAMDISK: [mem 0x3630c000-0x3717dfff]
[    0.000000] ACPI: Early table checksum verification disabled
[    0.000000] ACPI: RSDP 0x00000000000E0000 000024 (v02 VBOX  )
[    0.000000] ACPI: XSDT 0x000000003FFF0030 00003C (v01 VBOX   VBOXXSDT 00000001 ASL  00000061)
[    0.000000] ACPI: FACP 0x000000003FFF00F0 0000F4 (v04 VBOX   VBOXFACP 00000001 ASL  00000061)
[    0.000000] ACPI: DSDT 0x000000003FFF0470 0021FF (v02 VBOX   VBOXBIOS 00000002 INTL 20100528)
[    0.000000] ACPI: FACS 0x000000003FFF0200 000040
[    0.000000] ACPI: FACS 0x000000003FFF0200 000040
[    0.00000] ACPI:APC x000000003FF020 0005C(v2 BOX   VBOXAPIC 00000001 ASL  00000061)
[    0.000000] ACPI: SSDT 0x000000003FFF02A0 0001CC (v01 VBO  BOXCPUT 00000002 IN 2100528)
[    0.000000] No NUMA configuration found
[    0.000000] Faking a node at [mem 0x0000000000000000-0x0000003feffff]
[    000000] NODE_DATA(0) allocated [mem x3feb000-0x3ffeffff]
[    0.000000] kvm-clock: Using srs 4b564d01 nd4b564d0
[    0.000000] kvm-clock: cpu 0, msr 0:3ffe3001, primary cpu clock
[   0..000000] vmclock using sched offset of 3496877347 cycles
[    0.000000] clocksource: kvm-clock: mask: 0xffffffffffffffff max_cycles: 0x1cd42e4dffb, max_idle_ns: 881590591483 ns
[    0.0000000]one ranges:
[    0.000000]   DMA      [mem 0x0000000000001000-0x0000000000ffffff]
[    0.000000]   DMA32   [mem 0x0000000001000000-00000003fffff]
[   0.00000]  Norml   empty
[   0.000000]   Device   empty
[    0.000000] Movable zone start for each node
[    0.000000] Early memory node ranges
[    0.000000]   node   0: [mem 0x0000000000001000-0x000000000009efff]
[    0.000000]   node   0: [mem 0x0000000000100000-0x000000003ffeffff]
[    0.000000] Initmem setup node 0 [mem 0x0000000000001000-0x000000003ffeffff]
[    0.000000] ACPI: PM-Timer IO Prt: 0x4008
[    00000] IOAPIC[0]: apic_id 2, version 32, address 0xfec00000, GSI 0-23
[    0.000000] ACPI: INT_SRC_OVR (bus 0 bus_irq 0 global_irq 2 dfl dfl)
[    0.00000] CPI: INT_SRC_OVR (bus 0 bus_irq 9 gloal_irq 9 low level)
[   .00000] Using ACPI (MADT) for SMP onigratio ifomation[   0.0000 smpboot: llwing 2 CPUs 0 hotlug CPUs
[    0.000000] PM: Rgiteered nav memor: mem0x00000000-0x00000fff]
[    0.000000] PM: Registered nosave memory: [mem 0x0009f000-0x0009ffff]
[    0.000000] PM: Register nosave memory: [mem 0x000a0000-0x000efff][    0.00000] PM: Registered nosave memory: [mem 0x000f0000-0x000fffff]
[    0.000000] e820: [mem 0x40000000-0xfebfffff] available for PCI devices
[    0.000000] Booting paravirtualized kernel on KVM
[    0.000000] clocksource: refined-jiffies: mask: 0xffffffff ax_cyces 0ffffffff, max_idle_ns: 764551960021156ns
[    0.00000] setup_percpu: NR_CPUS:512 nr_cpumask_bits:512 nr_cpu_ids:2 nr_node_ids1
[    0.000000] PERCPU: Embedded 34 pages/cpu @fff8803c00000 s99544 r819231528 u1048576
[    0.000000] PV qspinlock hash table entries: 256 (ordr:0, 4096 bytes)
[    00000] Built 1 zonelists iNoe order, mobilitygroupig on.  Total pge: 57912
   0000000] Polic zne DMA32
[   .000000] rnl comma lne: BOO_IAG=/boot/vmlinuz-4.4.0-14-genericrot=LABEL=clodig-ootfs ro console=ty cnsole=ttyS0
[    000000] PD as table entries: 4096 (order: 3, 32768 byts)
[    0.000000] Memory: 997724K/104810K available (8554K kernel code, 1314K rwdata, 4004K rodata, 1516K init, 1316K bss, 50396K resered, 0K cma-reserved)
[    0.000000] SLUB: HWalig=64, Order=0-3, MinObjects=0, CPUs=2, Nodes=1
[    0.000000] Kernel/User page tables isolation: enabled
[   .00000] Hierarchical RCU impleentation.
[    0.000000] 	Build-time adjustment of leaf fanout to 64.
[    0.000000] 	RCU restictin CUsfrom NR_CPUS=2 o nr_c_is=2.
[    0.000000] R: djustig eoetry forcufanoutlef=4, nr_c_is=2
[   0.0000] NRRQ:33024 nrirs:440 16
[    0.000000] Console: colour VGA+ 80x25
[    0.000000] console [tty1] enabled
[    0.000000] console [ttyS0] enabled
[    0.000000] tsc: Detected 1599.999 MHz processor
[    5.308987] Calibrating delay loop (skipped) preset value.. 3199.99 BogoMIPS (lpj=399996
[    5.358971] pid_max: default: 32768 minimum: 301
[    5.371275] ACPI: Core revision 20150930
[    5.377382] ACPI: 2 ACPI AML tables successfully acquired and loaded
[    5.407768] Security Framework initialized
[    5.428820] Yama: becoming mindful.
[    5.448872] AppArmor: AppArmor initialized
[    5.468570] Dentry cache hash table entries: 131072 (order: 8, 1048576 bytes)
[    5.504372] Inode-cache hash table entries: 65536 (order: 7, 524288 bytes)
[    5.532674] Mount-cache hash table entries: 2048 (order: 2, 16384 bytes)
[    5.561264] Mountpoint-cache hash table entries: 2048 (order: 2, 16384 bytes)
[    5.563772] Initializing cgroup subsys io
[    5.578026] Initializing cgroup subsys memory
[    5.583911] Initializing cgroup subsys devices
[    5.585295] Initializing cgroup subsys freezer
[    5.586628] Initializing cgroup subsys net_cls
[    5.587997] Initializing cgroup subsys perf_event
[    5.589678] Initializing cgroup subsys net_prio
[    5.591159] Initializing cgroup subsys hugetlb
[    5.592510] Initializing cgroup subsys pids
[    5.594819] mce: CPU supports 0 MCE banks
[    5.596075] Last level iTLB entries: 4KB 64, 2MB 8, 4MB 8
[    5.597710] Last level dTLB entries: 4KB 64, 2MB 0, 4MB 0, 1GB 4
[    5.599352] Spectre V2 : Mitigation: Full generic retpoline
[    5.601002] Spectre V2 : Speculation control IBPB not-supported IBRS not-supported
[    5.611008] Speculative Store Bypass: Vulnerable
[    5.621646] Freeing SMP alternatives memory: 32K
[    5.644689] ftrace: allocating 32266 entries in 127 pages
[    5.741027] smpboot: APIC(0) Converting physical 0 to logical package 0
[    5.765512] smpboot: Max logical packages: 1
[    5.776903] x2apic enabled
[    5.792383] Switched APIC routing to physical x2apic.
[    5.795522] ..TIMER: vector=0x30 apic1=0 pin1=2 apic2=-1 pin2=-1
[    5.963861] smpboot: CPU0: Intel(R) Core(TM) i5-5250U CPU @ 1.60GHz (family: 0x6, model: 0x3d, stepping: 0x4)
[    5.996015] Performance Events: unsupported p6 CPU model 61 no PMU driver, software events only.
[    6.032709] KVM setup paravirtual spinlock
[    6.041370] x86: Booting SMP configuration:
[    6.065445] .... node  #0, CPUs:      #1
[    6.076249] kvm-clock: cpu 1, msr 0:3ffe3041, secondary cpu clock
[    6.078502] mce: CPU supports 0 MCE banks
[    6.081374] x86: Booted up 1 node, 2 CPUs
[    6.098299] smpboot: Total of 2 processors activated (6399.99 BogoMIPS)
[    6.121150] devtmpfs: initialized
[    6.135712] evm: security.selinux
[    6.139063] evm: security.SMACK64
[    6.140053] evm: security.SMACK64EXEC
[    6.141085] evm: security.SMACK64TRANSMUTE
[    6.152784] evm: security.SMACK64MMAP
[    6.168490] evm: security.ima
[    6.182203] evm: security.capability
[    6.186472] clocksource: jiffies: mask: 0xffffffff max_cycles: 0xffffffff, max_idle_ns: 7645041785100000 ns
[    6.199969] futex hash table entries: 512 (order: 3, 32768 bytes)
[    6.220890] pinctrl core: initialized pinctrl subsystem
[    6.249008] RTC time: 15:25:34, date: 09/12/18
[    6.274547] NET: Registered protocol family 16
[    6.292856] cpuidle: using governor ladder
[    6.324762] cpuidle: using governor menu
[    6.337936] PCCT header not found.
[    6.348088] ACPI: bus type PCI registered
[    6.366199] acpiphp: ACPI Hot Plug PCI Controller Driver version: 0.5
[    6.399773] PCI: Using configuration type 1 for base access
[    6.430394] ACPI: Added _OSI(Module Device)
[    6.433190] ACPI: Added _OSI(Processor Device)
[    6.435399] ACPI: Added _OSI(3.0 _SCP Extensions)
[    6.462748] ACPI: Added _OSI(Processor Aggregator Device)
[    6.475788] ACPI: Executed 1 blocks of module-level executable AML code
[    6.494121] ACPI: Interpreter enabled
[    6.512589] ACPI: (supports S0 S5)
[    6.530265] ACPI: Using IOAPIC for interrupt routing
[    6.546312] PCI: Using host bridge windows from ACPI; if necessary, use "pci=nocrs" and report a bug
[    6.563928] ACPI: PCI Root Bridge [PCI0] (domain 0000 [bus 00-ff])
[    6.590085] acpi PNP0A03:00: _OSC: OS supports [ASPM ClockPM Segments MSI]
[    6.605963] acpi PNP0A03:00: _OSC: not requesting OS control; OS requires [ExtendedConfig ASPM ClockPM MSI]
[    6.627076] acpi PNP0A03:00: fail to add MMCONFIG information, can't access extended PCI configuration space under this bridge.
[    6.662920] PCI host bridge to bus 0000:00
[    6.682306] pci_bus 0000:00: root bus resource [io  0x0000-0x0cf7 window]
[    6.696850] pci_bus 0000:00: root bus resource [io  0x0d00-0xffff window]
[    6.700687] pci_bus 0000:00: root bus resource [mem 0x000a0000-0x000bffff window]
[    6.703122] pci_bus 0000:00: root bus resource [mem 0x40000000-0xfdffffff window]
[    6.710938] pci_bus 0000:00: root bus resource [bus 00-ff]
[    6.714295] pci 0000:00:01.1: legacy IDE quirk: reg 0x10: [io  0x01f0-0x01f7]
[    6.716067] pci 0000:00:01.1: legacy IDE quirk: reg 0x14: [io  0x03f6]
[    6.717916] pci 0000:00:01.1: legacy IDE quirk: reg 0x18: [io  0x0170-0x0177]
[    6.719931] pci 0000:00:01.1: legacy IDE quirk: reg 0x1c: [io  0x0376]
[    6.750248] pci 0000:00:07.0: quirk: [io  0x4000-0x403f] claimed by PIIX4 ACPI
[    6.776795] pci 0000:00:07.0: quirk: [io  0x4100-0x410f] claimed by PIIX4 SMB
[    6.802981] ACPI: PCI Interrupt Link [LNKA] (IRQs 5 9 10 *11)
[    6.841779] ACPI: PCI Interrupt Link [LNKB] (IRQs 5 9 *10 11)
[    6.876707] ACPI: PCI Interrupt Link [LNKC] (IRQs 5 *9 10 11)
[    6.884986] ACPI: PCI Interrupt Link [LNKD] (IRQs 5 9 10 *11)
[    6.908100] ACPI: Enabled 2 GPEs in block 00 to 07
[    6.922557] vgaarb: setting as boot device: PCI:0000:00:02.0
[    6.924180] vgaarb: device added: PCI:0000:00:02.0,decodes=io+mem,owns=io+mem,locks=none
[    6.949057] vgaarb: loaded
[    6.957953] vgaarb: bridge control possible 0000:00:02.0
[    6.965280] SCSI subsystem initialized
[    6.976169] ACPI: bus type USB registered
[    6.995342] usbcore: registered new interface driver usbfs
[    7.017781] usbcore: registered new interface driver hub
[    7.034760] usbcore: registered new device driver usb
[    7.045200] PCI: Using ACPI for IRQ routing
[    7.051040] NetLabel: Initializing
[    7.073682] NetLabel:  domain hash size = 128
[    7.096604] NetLabel:  protocols = UNLABELED CIPSOv4
[    7.102478] NetLabel:  unlabeled traffic allowed by default
[    7.133051] amd_nb: Cannot enumerate AMD northbridges
[    7.140487] clocksource: Switched to clocksource kvm-clock
[    71864]ApAror ApAmo Flesystem Enabld[   .5664]pn: nPACI init
[   7.810740]pnp: PnP ACPI: found 3 devices

[    7.878789] clocksource: acpi_pm: mask: 0xffffff max_cycles: 0xffffff, max_idle_ns: 2085701024 ns
[    7.900999] NET: Registered protocol family 2
[    7.903269] TCP established hash table entries: 8192 (order: 4, 65536 bytes)
[    7.907325] TCP bind hash table entries: 8192 (order: 5, 131072 bytes)
[    7.914935] TCP: Hash tables configured (established 8192 bind 8192)
[    7.919863] UDP hash table entries: 512 (order: 2, 16384 bytes)
[    7.924375] UDP-Lite hash table entries: 512 (order: 2, 16384 bytes)
[    7.931852] NET: Registered protocol family 1
[    7.933715] pci 0000:00:00.0: Limiting direct PCI/PCI transfers
[    7.948449] pci 0000:00:01.0: Activating ISA DMA hang workarounds
[    7.951357] Unpacking initramfs...
[    8.242825] Freeing initrd memory: 14792K
[    8.282595] RAPL PMU detected, API unit is 2^-32 Joules, 4 fixed counters 10737418240 ms ovfl timer
[    8.316031] hw unit of domain pp0-core 2^-0 Joules
[    8.317625] hw unit of domain package 2^-0 Joules
[    8.351482] hw unit of domain dram 2^-0 Joules
[    8.370531] hw unit of domain pp1-gpu 2^-0 Joules
[    8.385340] platform rtc_cmos: registered platform RTC device (no PNP device found)
[    8.458073] Scanning for low memory corruption every 60 seconds
[    8.482243] audit: initializing netlink subsys (disabled)
[    8.483744] audit: type=2000 audit(1536765935.718:1): initialized
[    8.486945] Initialise system trusted keyring
[    8.488719] HugeTLB registered 2 MB page size, pre-allocated 0 pages
[    8.521689] zbud: loaded
[    8.534505] VFS: Disk quotas dquot_6.6.0
[    8.565074] VFS: Dquot-cache hash table entries: 512 (order 0, 4096 bytes)
[    8.571739] squashfs: version 4.0 (2009/01/31) Phillip Lougher
[    8.582376] fuse init (API version 7.23)
[    8.584033] Key type big_key registered
[    8.619886] Allocating IMA MOK and blacklist keyrings.
[    8.689090] Key type asymmetric registered
[    8.700659] Asymmetric key parser 'x509' registered
[    8.722114] Block layer SCSI generic (bsg) driver version 0.4 loaded (major 249)
[    8.741991] io scheduler noop registered
[    8.767962] io scheduler deadline registered (default)
[    8.784664] io scheduler cfq registered
[    8.811414] pci_hotplug: PCI Hot Plug PCI Core version: 0.5
[    8.830102] pciehp: PCI Express Hot Plug Controller Driver version: 0.4
[    8.881732] ACPI: AC Adapter [AC] (off-line)
[    8.898761] input: Power Button as /devices/LNXSYSTM:00/LNXPWRBN:00/input/input0
[    8.915149] ACPI: Power Button [PWRF]
[    8.926485] input: Sleep Button as /devices/LNXSYSTM:00/LNXSLPBN:00/input/input1
[    8.933769] ACPI: Sleep Button [SLPF]
[    8.953729] GHES: HEST is not enabled!
[    8.955337] Serial: 8250/16550 driver, 32 ports, IRQ sharing enabled
[    8.955347] ACPI: Battery Slot [BAT0] (battery present)
[    8.981731] 00:02: ttyS0 at I/O 0x3f8 (irq = 4, base_baud = 115200) is a 16550A
[    8.987868] Linux agpgart interface v0.103
[    9.003585] loop: module loaded
[    9.009086] scsi host0: ata_piix
[    9.011094] scsi host1: ata_piix
[    9.013012] ata1: PATA max UDMA/33 cmd 0x1f0 ctl 0x3f6 bmdma 0xd000 irq 14
[    9.024951] ata2: PATA max UDMA/33 cmd 0x170 ctl 0x376 bmdma 0xd008 irq 15
[    9.028122] libphy: Fixed MDIO Bus: probed
[    9.031380] tun: Universal TUN/TAP device driver, 1.6
[    9.036149] tun: (C) 1999-2004 Max Krasnyansky <maxk@qualcomm.com>
[    9.043615] PPP generic driver version 2.4.2
[    9.047827] ehci_hcd: USB 2.0 'Enhanced' Host Controller (EHCI) Driver
[    9.055052] ehci-pci: EHCI PCI platform driver
[    9.061948] ehci-platform: EHCI generic platform driver
[    9.063460] ohci_hcd: USB 1.1 'Open' Host Controller (OHCI) Driver
[    9.071727] ohci-pci: OHCI PCI platform driver
[    9.075807] ohci-platform: OHCI generic platform driver
[    9.081595] uhci_hcd: USB Universal Host Controller Interface driver
[    9.114492] i8042: PNP: PS/2 Controller [PNP0303:PS2K,PNP0f03:PS2M] at 0x60,0x64 irq 1,12
[    9.120855] serio: i8042 KBD port at 0x60,0x64 irq 1
[    9.122361] serio: i8042 AUX port at 0x60,0x64 irq 12
[    9.130997] mousedev: PS/2 mouse device common for all mice
[    9.150721] rtc_cmos rtc_cmos: rtc core: registered rtc_cmos as rtc0
[    9.178471] input: AT Translated Set 2 keyboard as /devices/platform/i8042/serio0/input/input2
[    9.200738] rtc_cmos rtc_cmos: alarms up to one day, 114 bytes nvram
[    9.216566] i2c /dev entries driver
[    9.237816] device-mapper: uevent: versn .0.3
[    9.341386] device-mapper: ioctl: 4.34.0-ioctl (2015-10-28) initialised: dm-devel@redhat.com
[    9.408985] tsc: Refined TSC clocksource calibration: 1598.912 MHz
[    9.433056] clocksource: tsc: mask: 0xffffffffffffffff max_cycles: 0x170c2130ac7, max_idle_ns: 440795240397 ns
[    9.433127] ledtrig-cpu: registered to indicate activity on CPUs
[    9.433464] NET: Registered protocol family 10
[    9.433627] NET: Registered protocol family 17
[    9.433637] Key type dns_resolver registered
[    9.477457] registered taskstats version 1
[    9.477470] Loading compiled-in X.509 certificates
[    9.478160] Loaded X.509 cert 'Build time autogenerated kernel key: 4eb3d024ac16f76c1747ffd474694c84db21038b'
[    9.478183] zswap: loaded using pool lzo/zbud
[    9.479859] Key type trusted registered
[    9.482993] Key type encrypted registered
[    9.483004] AppArmor: AppArmor sha1 policy hashing enabled
[    9.483045] ima: No TPM chip found, activating TPM-bypass!
[    9.483060] ima: Allocated hash algorithm: sha1
[    9.483085] evm: HMAC attrs: 0x1
[    9.483573]   Magic number: 2:884:436
[    9.484164] rtc_cmos rtc_cmos: setting system clock to 2018-09-12 15:25:37 UTC (1536765937)
[    9.484327] BIOS EDD facility v0.16 2004-Jun-25, 0 devices found
[    9.484328] EDD information not available.
[    9.760498] Freeing unused kernel memory: 1516K
[    9.777069] Write protecting the kernel read-only data: 14336k
[   10.921671] Freeing unused kernel memory: 1672K
[   11.451640] Freeing unused kernel memory: 92K
Loading, please wait...
starting version 229
[   11.478019] random: systemd-udevd: uninitialized urandom read (16 bytes read, 7 bits of entropy available)
[   11.478338] random: udevadm: uninitialized urandom read (16 bytes read, 7 bits of entropy available)
[   11.478357] random: udevadm: uninitialized urandom read (16 bytes read, 7 bits of entropy available)
[   11.486732] random: systemd-udevd: uninitialized urandom read (16 bytes read, 7 bits of entropy available)
[   11.488207] random: udevadm: uninitialized urandom read (16 bytes read, 7 bits of entropy available)
[   11.488256] random: udevadm: uninitialized urandom read (16 bytes read, 7 bits of entropy available)
[   11.488401] random: udevadm: uninitialized urandom read (16 bytes read, 7 bits of entropy available)
[   11.488454] random: udevadm: uninitialized urandom read (16 bytes read, 7 bits of entropy available)
[   11.488623] random: udevadm: uninitialized urandom read (16 bytes read, 7 bits of entropy available)
[   11.488686] random: udevadm: uninitialized urandom read (16 bytes read, 7 bits of entropy available)
[   11.552982] Fusion MPT base driver 3.04.20
[   11.555511] Copyright (c) 1999-2008 LSI Corporation
[   11.557840] e1000: Intel(R) PRO/1000 Network Driver - version 7.3.21-k8-NAPI
[   11.559734] e1000: Copyright (c) 1999-2006 Intel Corporation.
[   11.584356] Fusion MPT SPI Host driver 3.04.20
[   11.586911] AVX2 version of gcm_enc/dec engaged.
[   11.605416] AES CTR mode by8 optimization enabled
[   11.757087] input: ImExPS/2 Generic Explorer Mouse as /devices/platform/i8042/serio1/input/input4
[   11.966889] e1000 0000:00:03.0 eth0: (PCI:33MHz:32-bit) 02:1d:76:b3:3c:fe
[   12.308480] e1000 0000:00:03.0 eth0: Intel(R) PRO/1000 Network Connection
[   12.717848] e1000 0000:00:08.0 eth1: (PCI:33MHz:32-bit) 08:00:27:cc:fc:8f
[   13.494800] e1000 0000:00:08.0 eth1: Intel(R) PRO/1000 Network Connection
[   13.509606] mptbase: ioc0: Initiating bringup
[   13.510406] e1000 0000:00:08.0 enp0s8: renamed from eth1
[   13.537496] e1000 0000:00:03.0 enp0s3: renamed from eth0
[   13.633674] ioc0: LSI53C1030 A0: Capabilities={Initiator}
[   13.834076] scsi host2: ioc0: LSI53C1030 A0, FwRev=00000000h, Ports=1, MaxQ=256, IRQ=20
[   13.994988] scsi 2:0:0:0: Direct-Access     VBOX     HARDDISK         1.0  PQ: 0 ANSI: 5
[   14.164832] scsi target2:0:0: Beginning Domain Validation
[   14.583599] scsi target2:0:0: Domain Validation skipping write tests
[   14.607938] scsi target2:0:0: Ending Domain Validation
[   14.610199] scsi target2:0:0: asynchronous
[   14.611950] scsi 2:0:1:0: Direct-Access     VBOX     HARDDISK         1.0  PQ: 0 ANSI: 5
[   14.614660] scsi target2:0:1: Beginning Domain Validation
[   14.621542] scsi target2:0:1: Domain Validation skipping write tests
[   14.624089] scsi target2:0:1: Ending Domain Validation
[   14.626030] scsi target2:0:1: asynchronous
[   14.656328] sd 2:0:0:0: [sda] 20971520 512-byte logical blocks: (10.7 GB/10.0 GiB)
[   14.674748] sd 2:0:0:0: [sda] Write Protect is off
[   14.675554] sd 2:0:0:0: Attached scsi generic sg0 type 0
[   14.684383] sd 2:0:1:0: [sdb] 20480 512-byte logical blocks: (10.5 MB/10.0 MiB)
[   14.685158] sd 2:0:1:0: [sdb] Write Protect is off
[   14.685494] sd 2:0:1:0: [sdb] Incomplete mode parameter data
[   14.685497] sd 2:0:1:0: [sdb] Assuming drive cache: write through
[   14.692370] sd 2:0:1:0: [sdb] Attached SCSI disk
[   14.696229] sd 2:0:1:0: Attached scsi generic sg1 type 0
[   14.826411] sd 2:0:0:0: [sda] Incomplete mode parameter data
[   14.845639] sd 2:0:0:0: [sda] Assuming drive cache: write through
[   14.854873]  sda: sda1
[   14.878681] sd 2:0:0:0: [sda] Attached SCSI disk
Begin: Loading essential drivers[   16.312614] md: linear personality registered for level -1
 ... [   16.348633] md: multipath personality registered for level -4
[   16.380545] md: raid0 personality registered for level 0
[   16.408196] md: raid1 personality registered for level 1
[   16.480757] raid6: sse2x1   gen()  8308 MB/s
[   16.568545] raid6: sse2x1   xor()  6041 MB/s
[   16.656696] raid6: sse2x2   gen()  9601 MB/s
[   16.750809] raid6: sse2x2   xor()  6961 MB/s
[   16.836748] raid6: sse2x4   gen() 11666 MB/s
[   16.916627] raid6: sse2x4   xor()  5261 MB/s
[   16.998380] raid6: avx2x1   gen() 12346 MB/s
[   17.065268] raid6: avx2x2   gen() 17847 MB/s
[   17.132895] raid6: avx2x4   gen() 20006 MB/s
[   17.153412] raid6: using algorithm avx2x4 gen() 20006 MB/s
[   17.208865] raid6: using avx2x2 recovery algorithm
[   17.219547] xor: automatically using best checksumming function:
[   17.269020]    avx       : 21753.000 MB/sec
[   17.278974] async_tx: api initialized (async)
[   17.294394] md: raid6 personality registered for level 6
[   17.321034] md: raid5 personality registered for level 5
[   17.333473] md: raid4 personality registered for level 4
[   17.356900] md: raid10 personality registered for level 10
done.
Begin: Running /scripts/init-premount ... done.
Begin: Mounting root file system ... Begin: Running /scripts/local-to[   17.422677] Btrfs loaded
p ... done.
Begin: Running /scripts/local-premount ... Scanning for Btrfs filesystems
done.
Warning: fsck not present, so sk[   17.474591] EXT4-fs (sda1): mounted filesystem with ordered data mode. Opts: (null)
ipping root file system
done.
Begin: Running /scripts/local-bottom ... done.
Begin: Running /scripts/init-bottom ... done.
[   17.629904] systemd[1]: systemd 229 running in system mode. (+PAM +AUDIT +SELINUX +IMA +APPARMOR +SMACK +SYSVINIT +UTMP +LIBCRYPTSETUP +GCRYPT +GNUTLS +ACL +XZ -LZ4 +SECCOMP +BLKID +ELFUTILS +KMOD -IDN)
[   17.720047] systemd[1]: Detected virtualization oracle.
[   17.743657] systemd[1]: Detected architecture x86-64.

Welcome to [1mUbuntu 16.04.5 LTS[0m!

[   17.790599] systemd[1]: Set hostname to <ubuntu>.
[   17.800713] systemd[1]: Initializing machine ID from random generator.
[   17.841921] systemd[1]: Installed transient /etc/machine-id file.
[   18.097270] systemd[1]: Reached target System Time Synchronized.
[[0;32m  OK  [0m] Reached target System Time Synchronized.
[   18.133036] systemd[1]: Listening on LVM2 metadata daemon socket.
[[0;32m  OK  [0m] Listening on LVM2 metadata daemon socket.
[   18.185160] systemd[1]: Listening on Syslog Socket.
[[0;32m  OK  [0m] Listening on Syslog Socket.
[   18.236362] systemd[1]: Reached target Encrypted Volumes.
[[0;32m  OK  [0m] Reached target Encrypted Volumes.
[   18.297341] systemd[1]: Reached target User and Group Name Lookups.
[[0;32m  OK  [0m] Reached target User and Group Name Lookups.
[   18.399068] systemd[1]: Reached target Swap.
[[0;32m  OK  [0m] Reached target Swap.
[   18.433836] systemd[1]: Listening on Journal Audit Socket.
[[0;32m  OK  [0m] Listening on Journal Audit Socket.
[   18.489181] systemd[1]: Started Trigger resolvconf update for networkd DNS.
[[0;32m  OK  [0m] Started Trigger resolvconf update for networkd DNS.
[   18.537843] systemd[1]: Set up automount Arbitrary Executable File Formats File System Automount Point.
[[0;32m  OK  [0m] Set up automount Arbitrary Executab...ats File System Automount Point.
[   18.621353] systemd[1]: Listening on udev Kernel Socket.
[[0;32m  OK  [0m] Listening on udev Kernel Socket.
[   18.649616] systemd[1]: Listening on LVM2 poll daemon socket.
[[0;32m  OK  [0m] Listening on LVM2 poll daemon socket.
[   18.717716] systemd[1]: Listening on Device-mapper event daemon FIFOs.
[[0;32m  OK  [0m] Listening on Device-mapper event daemon FIFOs.
[   18.778421] systemd[1]: Created slice System Slice.
[[0;32m  OK  [0m] Created slice System Slice.
[   18.828472] systemd[1]: Created slice system-serial\x2dgetty.slice.
[[0;32m  OK  [0m] Created slice system-serial\x2dgetty.slice.
[   18.892551] systemd[1]: Listening on udev Control Socket.
[[0;32m  OK  [0m] Listening on udev Control Socket.
[   18.949576] systemd[1]: Created slice User and Session Slice.
[[0;32m  OK  [0m] Created slice User and Session Slice.
[   19.021265] systemd[1]: Reached target Slices.
[[0;32m  OK  [0m] Reached target Slices.
[   19.093305] systemd[1]: Listening on Journal Socket.
[[0;32m  OK  [0m] Listening on Journal Socket.
[   19.117245] systemd[1]: Starting Remount Root and Kernel File Systems...
[   19.122786] EXT4-fs (sda1): re-mounted. Opts: (null)
         Starting Remount Root and Kernel File Systems...
[   19.176847] systemd[1]: Starting Nameserver information manager...
         Starting Nameserver information manager...
[   19.220672] systemd[1]: Mounting POSIX Message Queue File System...
         Mounting POSIX Message Queue File System...
[   19.241548] systemd[1]: Starting Set console keymap...
[   19.242320] random: nonblocking pool is initialized
         Starting Set console keymap...
[   19.278168] systemd[1]: Starting Create list of required static device nodes for the current kernel...
         Starting Create list of required st... nodes for the current kernel...
[   19.317050] systemd[1]: Mounting Debug File System...
         Mounting Debug File System...
[   19.327104] systemd[1]: Mounting Huge Pages File System...
         Mounting Huge Pages File System...
[   19.369166] systemd[1]: Starting Uncomplicated firewall...
         Starting Uncomplicated firewall...
[   19.417277] systemd[1]: Starting Load Kernel Modules...
[   19.428268] LoadngiSCSI trnsor class v2.0-870.

         Starting Load Kernel Modules...
[   19.575604] systemd[1]: Starting Monitoring of LVM2 mirrors, snapshots etc. using dmeventd or progress polling...
         Starting Monitoring of LVM2 mirrors... dmeventd or progress polling...
[   19.582966] systemd[1]: Listening on /dev/initctl Compatibility Named Pipe.
[   19.585464] iscsi: registered transport (tcp)
[[0;32m  OK  [0m] Listening on /dev/initctl Compatibility Named Pipe.
[   19.627294] iscsi: registered transport (iser)
[   20.494673] systemd[1]: Listening on Journal Socket (/dev/log).
[[0;32m  OK  [0m] Listening on Journal Socket (/dev/log).
[   20.525444] systemd[1]: Starting Journal Service...
         Starting Journal Service...
[   20.554424] systemd[1]: Started Forward Password Requests to Wall Directory Watch.
[[0;32m  OK  [0m] Started Forward Password Requests to Wall Directory Watch.
[   20.618437] systemd[1]: Mounted Debug File System.
[[0;32m  OK  [0m] Mounted Debug File System.
[   20.669644] systemd[1]: Mounted Huge Pages File System.
[[0;32m  OK  [0m] Mounted Huge Pages File System.
[   20.721354] systemd[1]: Mounted POSIX Message Queue File System.
[[0;32m  OK  [0m] Mounted POSIX Message Queue File System.
[   20.821422] systemd[1]: Started Journal Service.
[[0;32m  OK  [0m] Started Journal Service.
[[0;32m  OK  [0m] Started Remount Root and Kernel File Systems.
[[0;32m  OK  [0m] Started Set console keymap.
[[0;32m  OK  [0m] Started Create list of required sta...ce nodes for the current kernel.
[[0;32m  OK  [0m] Started Uncomplicated firewall.
[[0;32m  OK  [0m] Started Load Kernel Modules.
[[0;32m  OK  [0m] Started Nameserver information manager.
[[0;32m  OK  [0m] Started LVM2 metadata daemon.
         Mounting FUSE Control File System...
         Starting Apply Kernel Variables...
         Starting Create Static Device Nodes in /dev...
         Starting udev Coldplug all Devices...
         Starting Load/Save Random Seed...
         Starting Flush Journal to Persistent Storage...
[[0;32m  OK  [0m] Mounted FUSE Control File System.
[[0;32m  OK  [0m] Started Monitoring of LVM2 mirrors,...ng dmeventd or progress polling.
[[0;32m  OK  [0m] Started Apply Kernel Variables.
[[0;32m  OK  [0m] Started Create Static Device Nodes in /dev.
[[0;32m  OK  [0m] Started Load/Save Random Seed.
[[0;32m  OK  [0m] Started udev Coldplug all Devices.
[[0;32m  OK  [0m] Started Flush Journal to Persistent Storage.
         Starting udev Kernel Device Manager...
[[0;32m  OK  [0m] Started udev Kernel Device Manager.
[[0;32m  OK  [0m] Started Dispatch Password Requests to Console Directory Watch.
[[0;32m  OK  [0m] Reached target Local File Systems (Pre).
[[0;32m  OK  [0m] Reached target Local File Systems.
         Starting Initial cloud-init job (pre-networking)...
         Starting LSB: AppArmor initialization...
         Starting Create Volatile Files and Directories...
         Starting Set console font and keymap...
         Starting Commit a transient machine-id on disk...
         Starting Tell Plymouth To Write Out Runtime Data...
[[0;32m  OK  [0m] Started Create Volatile Files and Directories.
[[0;32m  OK  [0m] Started Commit a transient machine-id on disk.
[[0;32m  OK  [0m] Started Tell Plymouth To Write Out Runtime Data.
         Starting Update UTMP about System Boot/Shutdown...
[[0;32m  OK  [0m] Found device /dev/ttyS0.
[[0;32m  OK  [0m] Listening on Load/Save RF Kill Switch Status /dev/rfkill Watch.
[[0;32m  OK  [0m] Started Update UTMP about System Boot/Shutdown.
[   16.625225] cloud-init[474]: Cloud-init v. 18.3-9-g2e62cb8a-0ubuntu1~16.04.2 running 'init-local' at Wed, 12 Sep 2018 15:25:50 +0000. Up 16.15 seconds.
[[0;32m  OK  [0m] Started Set console font and keymap.
[[0;32m  OK  [0m] Created slice system-getty.slice.
[[0;32m  OK  [0m] Started LSB: AppArmor initialization.
[[0;32m  OK  [0m] Started Initial cloud-init job (pre-networking).
[[0;32m  OK  [0m] Reached target Network (Pre).
         Starting Raise network interfaces...
[[0;32m  OK  [0m] Started Raise network interfaces.
[[0;32m  OK  [0m] Reached target Network.
         Starting Initial cloud-init job (metadata service crawler)...
[   18.446880] cloud-init[939]: Cloud-init v. 18.3-9-g2e62cb8a-0ubuntu1~16.04.2 running 'init' at Wed, 12 Sep 2018 15:25:52 +0000. Up 17.62 seconds.
[   18.465131] cloud-init[939]: ci-info: ++++++++++++++++++++++++++++++++++++++Net device info+++++++++++++++++++++++++++++++++++++++
[   18.484932] cloud-init[939]: ci-info: +--------+-------+----------------------------+---------------+--------+-------------------+
[   18.520953] cloud-init[939]: ci-info: | Device |   Up  |          Address           |      Mask     | Scope  |     Hw-Address    |
[   18.521651] [cloud-init[0;32m  OK  [0m[939]: ] ci-info: +--------+-------+----------------------------+---------------+--------+-------------------+Started Initial cloud-init job (metadata service crawler).

[   18.657246] cloud-init[939]: ci-info: | enp0s3 |  True |         10.0.2.15          | 255.255.255.0 | global | 02:1d:76:b3:3c:fe |
[   18.657794] [cloud-init[0;32m  OK  [0m[939]: ] ci-info: | enp0s3 |  True | fe80::1d:76ff:feb3:3cfe/64 |       .       |  link  | 02:1d:76:b3:3c:fe |Reached target System Initialization.

[   18.658815] cloud-init[939]: ci-info: | enp0s8 | False |             .              |       .       |   .    | 08:00:27:cc:fc:8f |
[   18.909256] cloud-init[939]: ci-info: |   lo   |  True |         127.0.0.1          |   255.0.0.0   |  host  |         .         |
[   18.909946] cloud-init[939]: ci-info: |   lo   |  True |          ::1/128           |       .       |  host  |         .         |
         Starting LXD - unix socket.
         [   18.910494] Starting Socket activation for snappy daemon.cloud-init
[939]: ci-info: +--------+-------+----------------------------+---------------+--------+-------------------+
[   19.132274] cloud-init[939]: ci-info: +++++++++++++++++++++++++++Route IPv4 info++++++++++++++++++++++++++++
[   19.132843] cloud-init[939]: ci-info: +-------+-------------+----------+---------------+-----------+-------+
[   19.133191] cloud-init[939]: ci-info: | Route | Destination | Gateway  |    Genmask    | Interface | Flags |
[   19.133496] cloud-init[939]: ci-info: +-------+-------------+----------+---------------+-----------+-------+
[[0;32m  OK  [0m] Started Daily Cleanup of Temporary Directories.
[[   19.135165] cloud-init[939]: ci-info: |   0   |   0.0.0.0   | 10.0.2.2 |    0.0.0.0    |   enp0s3  |   UG  |
[   19.231437] cloud-init[939]: ci-info: |   1   |   10.0.2.0  | 0.0.0.0  | 255.255.255.0 |   enp0s3  |   U   |
[0;32m  OK  [0m] Listening on ACPID Listen Socket.
[   19.233001] cloud-init[939]: ci-info: +-------+-------------+----------+---------------+-----------+-------+
[   19.381279] cloud-init[939]: ci-info: +++++++++++++++++++Route IPv6 info+++++++++++++++++++
[   19.381890] cloud-init[939]: ci-info: +-------+-------------+---------+-----------+-------+
[[0;32m  OK  [0m] Started Daily apt download activities.
[[   19.382017] cloud-init[939]: ci-info: | Route | Destination | Gateway | Interface | Flags |
[   19.495608] cloud-init[939]: ci-info: +-------+-------------+---------+-----------+-------+
[0;32m  OK  [0m] Started Daily apt upgrade and clean activities.
[[   19.495836] cloud-init[939]: ci-info: |   0   |  fe80::/64  |    ::   |   enp0s3  |   U   |
[   19.558031] cloud-init[939]: ci-info: |   3   |   ff00::/8  |    ::   |   enp0s3  |   U   |
[0;32m  OK  [0m] Reached target Timers.
[   19.558474] cloud-init[939]: ci-info: +-------+-------------+---------+-----------+-------+
[   19.612771] cloud-init[939]: Generating public/private rsa key pair.
[   19.613217] cloud-init[939]: Your identification has been saved in /etc/ssh/ssh_host_rsa_key.
[   19.613574] cloud-init[939]: Your public key has been saved in /etc/ssh/ssh_host_rsa_key.pub.
[[0;32m  OK  [0m] Started ACPI Events Check.
[[   19.614384] cloud-init[939]: The key fingerprint is:
[   19.753539] cloud-init[939]: SHA256:i1uncP5tQj0fVB5/VDVR0W3GQpaYlais60VwOqp3dNg root@ubuntu-xenial
[   19.755222] cloud-init[939]: The key's randomart image is:
[   19.755495] cloud-init[939]: +---[RSA 2048]----+
[   19.756461] cloud-init[939]: |             *+B%|
[0;32m  OK  [0m] Reached target Paths.
[[   19.757303] cloud-init[939]: |            +.+.X|
[   19.812963] cloud-init[939]: |        ....   Bo|
[0;32m  OK  [0m] Listening on D-Bus System Message Bus Socket.
[   19.813731] cloud-init[939]: |         +o   . +|
[[0;32m  OK  [0m] Listening on UUID daemon activation socket.
[[   19.835969] cloud-init[939]: |        S+.. .  .|
[   19.867650] cloud-init[939]: |       o++E o .  |
[   19.869252] cloud-init[939]: |      +.++o  o . |
[0;32m  OK  [0m] Reached target Network is Online.
[   19.869835] cloud-init[939]: |     ..*o+... .  |
[   19.898137] cloud-init[939]: |    ...o+..o.    |
[   19.920783] cloud-init[939]: +----[SHA256]-----+
[   19.921329] cloud-init[939]: Generating public/private dsa key pair.
         Starting iSCSI initiator daemon (iscsid)...
[[   19.922291] cloud-init[939]: Your identification has been saved in /etc/ssh/ssh_host_dsa_key.
[   20.001608] cloud-init[939]: Your public key has been saved in /etc/ssh/ssh_host_dsa_key.pub.
[   20.002012] [0;32m  OK  [0mcloud-init] [939]: Reached target Cloud-config availability.The key fingerprint is:

[   20.083909] cloud-init[939]: SHA256:nkeD6a/ZZwcc0SYHmJUaVs6gXTc2t2LeNiDL+kpY1Ug root@ubuntu-xenial
[   20.084413] cloud-init[939]: The key's randomart image is:
[[0;32m  OK  [0m] Listening on LXD - unix socket.
[[   20.085920] cloud-init[939]: +---[DSA 1024]----+
[   20.097918] cloud-init[939]: |          .E=+= .|
[   20.098170] cloud-init[939]: |         o*=*o++.|
[   20.098456] cloud-init[939]: |        ...*oX . |
[0;32m  OK  [0m] Listening on Socket activation for snappy daemon.
[   20.098501] cloud-init[939]: |         o+ * +  |
[   20.268740] cloud-init[939]: |        S.o+ o + |
[   20.279578] cloud-init[939]: |       ooo..o . .|
[   20.320731] cloud-init[939]: |       .+o.  .   |
[   20.321421] cloud-init[939]: |        .=. o .  |
[[0;32m  OK  [0m] Started iSCSI initiator daemon (iscsid).
[   20.321996] cloud-init[939]: |        oo++ .   |
[   20.370458] cloud-init[939]: +----[SHA256]-----+
[   20.376305] cloud-init[939]: Generating public/private ecdsa key pair.
[   20.390238] cloud-init[939]: Your identification has been saved in /etc/ssh/ssh_host_ecdsa_key.
[   20.413210] cloud-init[939]: Your public key has been saved in /etc/ssh/ssh_host_ecdsa_key.pub.
[   20.413904] cloud-init[939]: The key fingerprint is:
         Starting Login to default iSCSI targets...
[   20.415213] cloud-init[939]: SHA256:jxea7KfG6uiSCMjMMWPZU2+OShsKaJSf/mtsSdd/fD0 root@ubuntu-xenial
[   20.501610] cloud-init[939]: The key's randomart image is:
[[0;32m  OK  [0m] Reached target Sockets.
[[   20.502086] cloud-init[939]: +---[ECDSA 256]---+
[   20.517376] cloud-init[939]: |                 |
[   20.517565] cloud-init[939]: |     .           |
[0;32m  OK  [0m] Reached target Basic System.
[   20.517847] cloud-init[939]: |  + . .          |
[   20.529251] cloud-init[939]: | O o   o         |
         Starting Accounts Service...
[   20.551533] cloud-init[939]: |O = o + S .      |
[   20.599496] cloud-init[939]: |== = o + * .     |
[   20.599957] cloud-init[939]: |+.+.* o.= + .   .|
         Starting LSB: Record successful boot for GRUB...
[   20.600419] cloud-init[939]: |..o+ * .o... o E.|
[   20.685070] cloud-init[939]: |   o*++ooo  . . .|
[   20.685613] cloud-init[939]: +----[SHA256]-----+
[   20.687385] cloud-init[939]: Generating public/private ed25519 key pair.
[   20.687658] cloud-init[939]: Your identification has been saved in /etc/ssh/ssh_host_ed25519_key.
[[0;32m  OK  [0m] Started Regular background program processing daemon.
[   20.688952] cloud-init[939]: Your public key has been saved in /etc/ssh/ssh_host_ed25519_key.pub.
[   20.759146] cloud-init[939]: The key fingerprint is:
[   20.760095] cloud-init[939]: SHA256:84BLxq3ptbargDIWbe08J+d5UgyQwCCEMdcKXnODVZ0 root@ubuntu-xenial
[[0;32m  OK  [0m] Started FUSE filesystem for LXC.
[   20.760273] cloud-init[939]: The key's randomart image is:
[   20.797320] cloud-init[939]: +--[ED25519 256]--+
[   20.799403] cloud-init[[0;32m  OK  [0m] Started D-Bus System Message Bus.
[939]: |*++o+.o.. .      |
[   20.802600] cloud-init[939]: |+o =.=   E       |
[   20.814404] cloud-init[939]: |....o o          |
[   20.818561] cloud-init[939]: | .o .. +         |
[   20.826548] cloud-init[939]: | . o .= S        |
[   20.834235] cloud-init[939]: |  o.oo + *       |
[   20.845324] cloud-init[939]: |o.. .=+oo .      |
[   20.864687] [cloud-init[0;32m  OK  [0m[939]: ] |.o   o*ooo       |Started ACPI event daemon.

[   20.896896]          cloud-initStarting /etc/rc.local Compatibility...[939]: 
|      o=*o       |
[   20.928981]          cloud-initStarting Snappy daemon...[939]: 
+----[SHA256]-----+
[[0;32m  OK  [0m] Started Deferred execution scheduler.
[[0;32m  OK  [0m] Started Unattended Upgrades Shutdown.
         Starting Login Service...
         Starting Pollinate to seed the pseudo random number generator...
         Starting LSB: MD monitoring daemon...
         Starting System Logging Service...
         Starting Virtualbox guest utils...
         Starting LXD - container startup/shutdown...
[[0;32m  OK  [0m] Started Snappy daemon.
[[0;32m  OK  [0m] Started System Logging Service.
[[0;32m  OK  [0m] Started /etc/rc.local Compatibility.
[[0;32m  OK  [0m] Started Login to default iSCSI targets.
[[0;32m  OK  [0m] Started LSB: Record successful boot for GRUB.
[[0;32m  OK  [0m] Started LXD - container startup/shutdown.
[[0;32m  OK  [0m] Started LSB: MD monitoring daemon.
         Starting Authenticate and Authorize Users to Run Privileged Tasks...
[[0;32m  OK  [0m] Reached target Remote File Systems (Pre).
[[0;32m  OK  [0m] Reached target Remote File Systems.
         Starting LSB: Set the CPU Frequency Scaling governor to "ondemand"...
         Starting Permit User Sessions...
         Starting LSB: daemon to balance interrupts for SMP systems...
         Starting LSB: automatic crash report generation...
         Starting Wait until snapd is fully seeded...
[[0;32m  OK  [0m] Started Virtualbox guest utils.
[[0;32m  OK  [0m] Started Permit User Sessions.
[[0;32m  OK  [0m] Started Login Service.
[[0;32m  OK  [0m] Started Authenticate and Authorize Users to Run Privileged Tasks.
[[0;32m  OK  [0m] Started Accounts Service.
[[0;32m  OK  [0m] Started LSB: Set the CPU Frequency Scaling governor to "ondemand".
         Starting Terminate Plymouth Boot Screen...
         Starting Hold until boot process finishes up...
[[0;32m  OK  [0m] Started LSB: daemon to balance interrupts for SMP systems.
[[0;32m  OK  [0m] Started LSB: automatic crash report generation.
[[0;32m  OK  [0m] Started Terminate Plymouth Boot Screen.
[[0;32m  OK  [0m] Started Hold until boot process finishes up.
         Starting Set console scheme...
[[0;32m  OK  [0m] Started Getty on tty1.
[[0;32m  OK  [0m] Started Serial Getty on ttyS0.
[[0;32m  OK  [0m] Reached target Login Prompts.
[[0;32m  OK  [0m] Started Set console scheme.
[[0;32m  OK  [0m] Started Pollinate to seed the pseudo random number generator.
         Starting OpenBSD Secure Shell server...
[[0;32m  OK  [0m] Started OpenBSD Secure Shell server.
[[0;32m  OK  [0m] Created slice User Slice of vagrant.
         Starting User Manager for UID 1000...
[[0;32m  OK  [0m] Started Session 1 of user vagrant.
[[0;32m  OK  [0m] Started User Manager for UID 1000.
[[0;32m  OK  [0m] Started Wait until snapd is fully seeded.
         Starting Apply the settings specified in cloud-config...
[[0;32m  OK  [0m] Reached target Multi-User System.
[[0;32m  OK  [0m] Reached target Graphical Interface.
         Starting Update UTMP about System Runlevel Changes...
[[0;32m  OK  [0m] Started Update UTMP about System Runlevel Changes.
         Stopping User Manager for UID 1000...
[[0;32m  OK  [0m] Stopped User Manager for UID 1000.
[[0;32m  OK  [0m] Removed slice User Slice of vagrant.
[[0;32m  OK  [0m] Created slice User Slice of vagrant.
         Starting User Manager for UID 1000...
[[0;32m  OK  [0m] Started Session 2 of user vagrant.
[[0;32m  OK  [0m] Started User Manager for UID 1000.
[   24.828314] cloud-init[1419]: Generating locales (this might take a while)...
[   25.860409] cloud-init[1419]:   en_US.UTF-8... done
[   25.877468] cloud-init[1419]: Generation complete.
[   26.523373] cloud-init[1419]: Cloud-init v. 18.3-9-g2e62cb8a-0ubuntu1~16.04.2 running 'modules:config' at Wed, 12 Sep 2018 15:25:59 +0000. Up 24.65 seconds.
[[0;32m  OK  [0m] Started Apply the settings specified in cloud-config.
         Starting Execute cloud user/final scripts...
ci-info: no authorized ssh keys fingerprints found for user ubuntu.
<14>Sep 12 15:26:01 ec2: 
<14>Sep 12 15:26:01 ec2: #############################################################
<14>Sep 12 15:26:01 ec2: -----BEGIN SSH HOST KEY FINGERPRINTS-----
<14>Sep 12 15:26:01 ec2: 1024 SHA256:nkeD6a/ZZwcc0SYHmJUaVs6gXTc2t2LeNiDL+kpY1Ug root@ubuntu-xenial (DSA)
<14>Sep 12 15:26:01 ec2: 256 SHA256:jxea7KfG6uiSCMjMMWPZU2+OShsKaJSf/mtsSdd/fD0 root@ubuntu-xenial (ECDSA)
<14>Sep 12 15:26:01 ec2: 256 SHA256:84BLxq3ptbargDIWbe08J+d5UgyQwCCEMdcKXnODVZ0 root@ubuntu-xenial (ED25519)
<14>Sep 12 15:26:01 ec2: 2048 SHA256:i1uncP5tQj0fVB5/VDVR0W3GQpaYlais60VwOqp3dNg root@ubuntu-xenial (RSA)
<14>Sep 12 15:26:01 ec2: -----END SSH HOST KEY FINGERPRINTS-----
<14>Sep 12 15:26:01 ec2: #############################################################
-----BEGIN SSH HOST KEY KEYS-----
ecdsa-sha2-nistp256 AAAAE2VjZHNhLXNoYTItbmlzdHAyNTYAAAAIbmlzdHAyNTYAAABBBIknfiiff76xFArOHNkkX3zhdCl3LiSevqFRTsbhKXXOL4ZHf2EujcVPsse3Y24oaLhDiXPVG6/QKxoKxOH7Yg8= root@ubuntu-xenial
ssh-ed25519 AAAAC3NzaC1lZDI1NTE5AAAAINCGzYt1qNfJZpVj337oKAzgRO3NVb/GBD8E3g3li0lz root@ubuntu-xenial
ssh-rsa AAAAB3NzaC1yc2EAAAADAQABAAABAQCm63+PgxrrGjX3S+mXPadHKoFGLGaqe+8O166o1hi6Uwz0+ohp2ui1q18IN8Uv04GJaOp0/aN3VMnWyeAneDfIpI5bQf7UtUEd3FpRb2QqdhMPicbiRxdWdjSSd3FIMnjMyH+6laQ0ACUPMRv7Rc1h8PoH6cYEttyl+LDnmmWZM03U10Xv+trWB9/qXuUHnNYnGzGWBV81m8A9mLrOfJEosrAI1r+KXWfQE25HxJuWPRfcnhwLIrZioYzPubDG/qHDAOk2QE3uJs8tvM8b2LcKZS3yo+p6EA6vT+JeoF2Rk3yYTyirpe/OpRQCjtDzqvf8ckO9RyGrwWT3ZEhCWzjt root@ubuntu-xenial
-----END SSH HOST KEY KEYS-----
[   27.371388] cloud-init[1759]: Cloud-init v. 18.3-9-g2e62cb8a-0ubuntu1~16.04.2 running 'modules:final' at Wed, 12 Sep 2018 15:26:01 +0000. Up 27.15 seconds.
[   27.371611] cloud-init[1759]: ci-info: no authorized ssh keys fingerprints found for user ubuntu.
[   27.371798] cloud-init[1759]: Cloud-init v. 18.3-9-g2e62cb8a-0ubuntu1~16.04.2 finished at Wed, 12 Sep 2018 15:26:01 +0000. Datasource DataSourceNoCloud [seed=/dev/sdb][dsmode=net].  Up 27.36 seconds

Ubuntu 16.04.5 LTS ubuntu-xenial ttyS0

ubuntu-xenial login: 